<?xml version="1.0" encoding="UTF-8"?>
<testsuite xmlns:xsi="http://www.w3.org/2001/XMLSchema-instance" xsi:noNamespaceSchemaLocation="https://maven.apache.org/surefire/maven-surefire-plugin/xsd/surefire-test-report-3.0.xsd" version="3.0" name="io.regisx001.turbolb.server.ServerTest" time="1.575" tests="15" errors="0" skipped="0" failures="0">
  <properties>
[...]
</properties>
  <testcase name="stopIsSafeWithoutInitialize" classname="io.regisx001.turbolb.server.ServerTest" time="0.003"/>
  <testcase name="isRunningReturnsFalseInitially" classname="io.regisx001.turbolb.server.ServerTest" time="0.002"/>
  <testcase name="getPortReturnsZeroBeforeInitialize" classname="io.regisx001.turbolb.server.ServerTest" time="0.001"/>
  <testcase name="acceptsConnectionAndResponds" classname="io.regisx001.turbolb.server.ServerTest" time="0.228">
    <system-err><![CDATA[Jul 18, 2026 10:37:35 PM io.regisx001.turbolb.server.Server initialize
INFO: Server initialized on 127.0.0.1:25004
Jul 18, 2026 10:37:35 PM io.regisx001.turbolb.server.Server start
INFO: Server event loop started
Jul 18, 2026 10:37:35 PM io.regisx001.turbolb.server.Server logParsedRequest
INFO: 
===== Client connected: /127.0.0.1:42556 =====
--- Parsed HTTP Request ---
Method:  GET
URI:     /
Version: HTTP/1.1
Headers:
Jul 18, 2026 10:37:35 PM io.regisx001.turbolb.server.Server lambda$logParsedRequest$0
INFO:   host: localhost
Jul 18, 2026 10:37:35 PM io.regisx001.turbolb.server.Server logParsedRequest
INFO: --------------------------
Jul 18, 2026 10:37:35 PM io.regisx001.turbolb.server.Server stop
INFO: Server stopped
]]></system-err>
  </testcase>
  <testcase name="getPortReturnsPortAfterInitialize" classname="io.regisx001.turbolb.server.ServerTest" time="0.001">
    <system-err><![CDATA[Jul 18, 2026 10:37:35 PM io.regisx001.turbolb.server.Server initialize
INFO: Server initialized on 127.0.0.1:25005
]]></system-err>
  </testcase>
  <testcase name="stopAndRestartOnSamePort" classname="io.regisx001.turbolb.server.ServerTest" time="0.905">
    <system-err><![CDATA[Jul 18, 2026 10:37:35 PM io.regisx001.turbolb.server.Server initialize
INFO: Server initialized on 127.0.0.1:25006
Jul 18, 2026 10:37:35 PM io.regisx001.turbolb.server.Server start
INFO: Server event loop started
Jul 18, 2026 10:37:36 PM io.regisx001.turbolb.server.Server stop
INFO: Server stopped
Jul 18, 2026 10:37:36 PM io.regisx001.turbolb.server.Server initialize
INFO: Server initialized on 127.0.0.1:25006
Jul 18, 2026 10:37:36 PM io.regisx001.turbolb.server.Server start
INFO: Server event loop started
Jul 18, 2026 10:37:36 PM io.regisx001.turbolb.server.Server logParsedRequest
INFO: 
===== Client connected: /127.0.0.1:37030 =====
--- Parsed HTTP Request ---
Method:  GET
URI:     /
Version: HTTP/1.1
Headers:
Jul 18, 2026 10:37:36 PM io.regisx001.turbolb.server.Server lambda$logParsedRequest$0
INFO:   host: localhost
Jul 18, 2026 10:37:36 PM io.regisx001.turbolb.server.Server logParsedRequest
INFO: --------------------------
Jul 18, 2026 10:37:36 PM io.regisx001.turbolb.server.Server stop
INFO: Server stopped
]]></system-err>
  </testcase>
  <testcase name="portCanBeReusedRepeatedly" classname="io.regisx001.turbolb.server.ServerTest" time="0.003">
    <system-err><![CDATA[Jul 18, 2026 10:37:36 PM io.regisx001.turbolb.server.Server initialize
INFO: Server initialized on 127.0.0.1:25007
Jul 18, 2026 10:37:36 PM io.regisx001.turbolb.server.Server initialize
INFO: Server initialized on 127.0.0.1:25007
Jul 18, 2026 10:37:36 PM io.regisx001.turbolb.server.Server initialize
INFO: Server initialized on 127.0.0.1:25007
Jul 18, 2026 10:37:36 PM io.regisx001.turbolb.server.Server initialize
INFO: Server initialized on 127.0.0.1:25007
Jul 18, 2026 10:37:36 PM io.regisx001.turbolb.server.Server initialize
INFO: Server initialized on 127.0.0.1:25007
]]></system-err>
  </testcase>
  <testcase name="handlesMultipleConcurrentClients" classname="io.regisx001.turbolb.server.ServerTest" time="0.209">
    <system-err><![CDATA[Jul 18, 2026 10:37:36 PM io.regisx001.turbolb.server.Server initialize
INFO: Server initialized on 127.0.0.1:25008
Jul 18, 2026 10:37:36 PM io.regisx001.turbolb.server.Server start
INFO: Server event loop started
Jul 18, 2026 10:37:37 PM io.regisx001.turbolb.server.Server logParsedRequest
INFO: 
===== Client connected: /127.0.0.1:48102 =====
--- Parsed HTTP Request ---
Method:  GET
URI:     /
Version: HTTP/1.1
Headers:
Jul 18, 2026 10:37:37 PM io.regisx001.turbolb.server.Server lambda$logParsedRequest$0
INFO:   host: localhost
Jul 18, 2026 10:37:37 PM io.regisx001.turbolb.server.Server logParsedRequest
INFO: --------------------------
Jul 18, 2026 10:37:37 PM io.regisx001.turbolb.server.Server logParsedRequest
INFO: 
===== Client connected: /127.0.0.1:48122 =====
--- Parsed HTTP Request ---
Method:  GET
URI:     /
Version: HTTP/1.1
Headers:
Jul 18, 2026 10:37:37 PM io.regisx001.turbolb.server.Server lambda$logParsedRequest$0
INFO:   host: localhost
Jul 18, 2026 10:37:37 PM io.regisx001.turbolb.server.Server logParsedRequest
INFO: --------------------------
Jul 18, 2026 10:37:37 PM io.regisx001.turbolb.server.Server logParsedRequest
INFO: 
===== Client connected: /127.0.0.1:48104 =====
--- Parsed HTTP Request ---
Method:  GET
URI:     /
Version: HTTP/1.1
Headers:
Jul 18, 2026 10:37:37 PM io.regisx001.turbolb.server.Server lambda$logParsedRequest$0
INFO:   host: localhost
Jul 18, 2026 10:37:37 PM io.regisx001.turbolb.server.Server logParsedRequest
INFO: --------------------------
Jul 18, 2026 10:37:37 PM io.regisx001.turbolb.server.Server logParsedRequest
INFO: 
===== Client connected: /127.0.0.1:48132 =====
--- Parsed HTTP Request ---
Method:  GET
URI:     /
Version: HTTP/1.1
Headers:
Jul 18, 2026 10:37:37 PM io.regisx001.turbolb.server.Server lambda$logParsedRequest$0
INFO:   host: localhost
Jul 18, 2026 10:37:37 PM io.regisx001.turbolb.server.Server logParsedRequest
INFO: --------------------------
Jul 18, 2026 10:37:37 PM io.regisx001.turbolb.server.Server logParsedRequest
INFO: 
===== Client connected: /127.0.0.1:48126 =====
--- Parsed HTTP Request ---
Method:  GET
URI:     /
Version: HTTP/1.1
Headers:
Jul 18, 2026 10:37:37 PM io.regisx001.turbolb.server.Server lambda$logParsedRequest$0
INFO:   host: localhost
Jul 18, 2026 10:37:37 PM io.regisx001.turbolb.server.Server logParsedRequest
INFO: --------------------------
Jul 18, 2026 10:37:37 PM io.regisx001.turbolb.server.Server stop
INFO: Server stopped
]]></system-err>
  </testcase>
  <testcase name="serverDestructorIsSafeWithoutInitialize" classname="io.regisx001.turbolb.server.ServerTest" time="0.0"/>
  <testcase name="connectSendCloseCycleRepeats" classname="io.regisx001.turbolb.server.ServerTest" time="0.205">
    <system-err><![CDATA[Jul 18, 2026 10:37:37 PM io.regisx001.turbolb.server.Server initialize
INFO: Server initialized on 127.0.0.1:25010
Jul 18, 2026 10:37:37 PM io.regisx001.turbolb.server.Server start
INFO: Server event loop started
Jul 18, 2026 10:37:37 PM io.regisx001.turbolb.server.Server logParsedRequest
INFO: 
===== Client connected: /127.0.0.1:41170 =====
--- Parsed HTTP Request ---
Method:  GET
URI:     /
Version: HTTP/1.1
Headers:
Jul 18, 2026 10:37:37 PM io.regisx001.turbolb.server.Server lambda$logParsedRequest$0
INFO:   host: localhost
Jul 18, 2026 10:37:37 PM io.regisx001.turbolb.server.Server logParsedRequest
INFO: --------------------------
Jul 18, 2026 10:37:37 PM io.regisx001.turbolb.server.Server logParsedRequest
INFO: 
===== Client connected: /127.0.0.1:41178 =====
--- Parsed HTTP Request ---
Method:  GET
URI:     /
Version: HTTP/1.1
Headers:
Jul 18, 2026 10:37:37 PM io.regisx001.turbolb.server.Server lambda$logParsedRequest$0
INFO:   host: localhost
Jul 18, 2026 10:37:37 PM io.regisx001.turbolb.server.Server logParsedRequest
INFO: --------------------------
Jul 18, 2026 10:37:37 PM io.regisx001.turbolb.server.Server logParsedRequest
INFO: 
===== Client connected: /127.0.0.1:41192 =====
--- Parsed HTTP Request ---
Method:  GET
URI:     /
Version: HTTP/1.1
Headers:
Jul 18, 2026 10:37:37 PM io.regisx001.turbolb.server.Server lambda$logParsedRequest$0
INFO:   host: localhost
Jul 18, 2026 10:37:37 PM io.regisx001.turbolb.server.Server logParsedRequest
INFO: --------------------------
Jul 18, 2026 10:37:37 PM io.regisx001.turbolb.server.Server stop
INFO: Server stopped
]]></system-err>
  </testcase>
  <testcase name="portCanBeReusedAfterClose" classname="io.regisx001.turbolb.server.ServerTest" time="0.002">
    <system-err><![CDATA[Jul 18, 2026 10:37:37 PM io.regisx001.turbolb.server.Server initialize
INFO: Server initialized on 127.0.0.1:25011
Jul 18, 2026 10:37:37 PM io.regisx001.turbolb.server.Server initialize
INFO: Server initialized on 127.0.0.1:25011
]]></system-err>
  </testcase>
  <testcase name="stopIsSafeBeforeRun" classname="io.regisx001.turbolb.server.ServerTest" time="0.002">
    <system-err><![CDATA[Jul 18, 2026 10:37:37 PM io.regisx001.turbolb.server.Server initialize
INFO: Server initialized on 127.0.0.1:25012
]]></system-err>
  </testcase>
  <testcase name="serverInitializeSucceedsOnFreePort" classname="io.regisx001.turbolb.server.ServerTest" time="0.001">
    <system-err><![CDATA[Jul 18, 2026 10:37:37 PM io.regisx001.turbolb.server.Server initialize
INFO: Server initialized on 127.0.0.1:25013
]]></system-err>
  </testcase>
  <testcase name="serverConstructionDoesNotThrow" classname="io.regisx001.turbolb.server.ServerTest" time="0.0"/>
  <testcase name="multipleServersCanBeCreatedAndDestroyed" classname="io.regisx001.turbolb.server.ServerTest" time="0.003">
    <system-err><![CDATA[Jul 18, 2026 10:37:37 PM io.regisx001.turbolb.server.Server initialize
INFO: Server initialized on 127.0.0.1:25015
Jul 18, 2026 10:37:37 PM io.regisx001.turbolb.server.Server initialize
INFO: Server initialized on 127.0.0.1:25016
Jul 18, 2026 10:37:37 PM io.regisx001.turbolb.server.Server initialize
INFO: Server initialized on 127.0.0.1:25017
Jul 18, 2026 10:37:37 PM io.regisx001.turbolb.server.Server initialize
INFO: Server initialized on 127.0.0.1:25018
Jul 18, 2026 10:37:37 PM io.regisx001.turbolb.server.Server initialize
INFO: Server initialized on 127.0.0.1:25019
]]></system-err>
  </testcase>
</testsuite>